[2025-05-14 11:00:20] Add to Cart Request
Data: Array
(
    [product_id] => 1
    [product_type] => agricultural
    [quantity] => 1
)

[2025-05-14 11:00:29] Add to Cart Request
Data: Array
(
    [product_id] => 2
    [product_type] => agricultural
    [quantity] => 1
)

[2025-05-14 11:00:47] Add to Cart Request
Data: Array
(
    [product_id] => 23
    [product_type] => fruit
    [return_to_product] => 1
    [quantity] => 1
)

[2025-05-14 11:00:56] Add to Cart Request
Data: Array
(
    [product_id] => 1
    [product_type] => fruit
    [return_to_product] => 1
    [quantity] => 1
    [redirect_to_cart] => 1
)

[2025-05-14 12:12:31] Add to Cart Request
Data: Array
(
    [product_id] => 5
    [product_type] => agricultural
    [quantity] => 1
)

[2025-05-14 12:13:04] Add to Cart Request
Data: Array
(
    [product_id] => 1
    [product_type] => fruit
    [return_to_product] => 1
    [quantity] => 1
    [redirect_to_cart] => 1
)

[2025-05-14 12:16:45] Add to Cart Request
Data: Array
(
    [product_id] => 2
    [product_type] => agricultural
    [quantity] => 1
)

[2025-05-14 12:25:15] Add to Cart Request
Data: Array
(
    [product_id] => 1
    [product_type] => fruit
    [return_to_product] => 1
    [quantity] => 1
)

[2025-05-14 12:37:28] Add to Cart Request
Data: Array
(
    [product_id] => 10
    [product_type] => agricultural
    [quantity] => 1
)

[2025-05-14 12:42:42] Add to Cart Request
Data: Array
(
    [product_id] => 10
    [product_type] => agricultural
    [quantity] => 1
)

[2025-05-14 14:27:22] Add to Cart Request
Data: Array
(
    [product_id] => 1
    [product_type] => fruit
    [return_to_product] => 1
    [quantity] => 1
    [redirect_to_cart] => 1
)

